<?xml version="1.0" encoding="UTF-8"?>
<!-- Generated by org.testng.reporters.JUnitXMLReporter -->
<testsuite ignored="0" hostname="LT000189" failures="0" tests="10" name="Default test" time="0.186" errors="0" timestamp="2025-01-17T10:54:45 IST">
  <testcase classname="Parameters.SameTestCaseMultipleTimeRun" name="anand" time="0.012"/>
  <testcase classname="Parameters.SameTestCaseMultipleTimeRun" name="anand" time="0.005"/>
  <testcase classname="Parameters.SameTestCaseMultipleTimeRun" name="anand" time="0.005"/>
  <testcase classname="Parameters.SameTestCaseMultipleTimeRun" name="anand" time="0.004"/>
  <testcase classname="Parameters.SameTestCaseMultipleTimeRun" name="anand" time="0.004"/>
  <testcase classname="Parameters.SameTestCaseMultipleTimeRun" name="anand" time="0.008"/>
  <testcase classname="Parameters.SameTestCaseMultipleTimeRun" name="anand" time="0.012"/>
  <testcase classname="Parameters.SameTestCaseMultipleTimeRun" name="anand" time="0.006"/>
  <testcase classname="Parameters.SameTestCaseMultipleTimeRun" name="anand" time="0.002"/>
  <testcase classname="Parameters.SameTestCaseMultipleTimeRun" name="anand" time="0.004"/>
</testsuite> <!-- Default test -->
