<?xml version="1.0" encoding="UTF-8"?>
<testng-results ignored="0" total="10" passed="10" failed="0" skipped="0">
  <reporter-output>
  </reporter-output>
  <suite started-at="2025-01-17T10:54:45 IST" name="Default suite" finished-at="2025-01-17T10:54:45 IST" duration-ms="186">
    <groups>
    </groups>
    <test started-at="2025-01-17T10:54:45 IST" name="Default test" finished-at="2025-01-17T10:54:45 IST" duration-ms="186">
      <class name="Parameters.SameTestCaseMultipleTimeRun">
        <test-method signature="anand()[pri:0, instance:Parameters.SameTestCaseMultipleTimeRun@2a7f1f10]" started-at="2025-01-17T10:54:45 IST" name="anand" finished-at="2025-01-17T10:54:45 IST" duration-ms="12" status="PASS">
          <reporter-output>
          </reporter-output>
        </test-method> <!-- anand -->
        <test-method signature="anand()[pri:0, instance:Parameters.SameTestCaseMultipleTimeRun@2a7f1f10]" started-at="2025-01-17T10:54:45 IST" name="anand" finished-at="2025-01-17T10:54:45 IST" duration-ms="5" status="PASS">
          <reporter-output>
          </reporter-output>
        </test-method> <!-- anand -->
        <test-method signature="anand()[pri:0, instance:Parameters.SameTestCaseMultipleTimeRun@2a7f1f10]" started-at="2025-01-17T10:54:45 IST" name="anand" finished-at="2025-01-17T10:54:45 IST" duration-ms="5" status="PASS">
          <reporter-output>
          </reporter-output>
        </test-method> <!-- anand -->
        <test-method signature="anand()[pri:0, instance:Parameters.SameTestCaseMultipleTimeRun@2a7f1f10]" started-at="2025-01-17T10:54:45 IST" name="anand" finished-at="2025-01-17T10:54:45 IST" duration-ms="4" status="PASS">
          <reporter-output>
          </reporter-output>
        </test-method> <!-- anand -->
        <test-method signature="anand()[pri:0, instance:Parameters.SameTestCaseMultipleTimeRun@2a7f1f10]" started-at="2025-01-17T10:54:45 IST" name="anand" finished-at="2025-01-17T10:54:45 IST" duration-ms="4" status="PASS">
          <reporter-output>
          </reporter-output>
        </test-method> <!-- anand -->
        <test-method signature="anand()[pri:0, instance:Parameters.SameTestCaseMultipleTimeRun@2a7f1f10]" started-at="2025-01-17T10:54:45 IST" name="anand" finished-at="2025-01-17T10:54:45 IST" duration-ms="8" status="PASS">
          <reporter-output>
          </reporter-output>
        </test-method> <!-- anand -->
        <test-method signature="anand()[pri:0, instance:Parameters.SameTestCaseMultipleTimeRun@2a7f1f10]" started-at="2025-01-17T10:54:45 IST" name="anand" finished-at="2025-01-17T10:54:45 IST" duration-ms="12" status="PASS">
          <reporter-output>
          </reporter-output>
        </test-method> <!-- anand -->
        <test-method signature="anand()[pri:0, instance:Parameters.SameTestCaseMultipleTimeRun@2a7f1f10]" started-at="2025-01-17T10:54:45 IST" name="anand" finished-at="2025-01-17T10:54:45 IST" duration-ms="6" status="PASS">
          <reporter-output>
          </reporter-output>
        </test-method> <!-- anand -->
        <test-method signature="anand()[pri:0, instance:Parameters.SameTestCaseMultipleTimeRun@2a7f1f10]" started-at="2025-01-17T10:54:45 IST" name="anand" finished-at="2025-01-17T10:54:45 IST" duration-ms="2" status="PASS">
          <reporter-output>
          </reporter-output>
        </test-method> <!-- anand -->
        <test-method signature="anand()[pri:0, instance:Parameters.SameTestCaseMultipleTimeRun@2a7f1f10]" started-at="2025-01-17T10:54:45 IST" name="anand" finished-at="2025-01-17T10:54:45 IST" duration-ms="4" status="PASS">
          <reporter-output>
          </reporter-output>
        </test-method> <!-- anand -->
      </class> <!-- Parameters.SameTestCaseMultipleTimeRun -->
    </test> <!-- Default test -->
  </suite> <!-- Default suite -->
</testng-results>
