<?xml version="1.0" encoding="UTF-8"?>
<!-- Generated by org.testng.reporters.JUnitXMLReporter -->
<testsuite ignored="0" hostname="LT000189" failures="0" tests="3" name="Test 3" time="0.045" errors="0" timestamp="2024-12-12T23:20:42 IST">
  <testcase classname="Amazon_testcase.Testcase2" name="serching_a_product" time="0.0">
    <skipped/>
  </testcase> <!-- serching_a_product -->
  <testcase classname="Amazon_testcase.Testcase1" name="login_to_amazon" time="0.0">
    <skipped/>
  </testcase> <!-- login_to_amazon -->
  <testcase classname="Amazon_testcase.Testcase3" name="searchig_a_product_addingtocart" time="0.002"/>
</testsuite> <!-- Test 3 -->
